<?xml version="1.0" encoding="UTF-8"?>
<testsuite name="tracker.SampleTest" tests="1" skipped="0" failures="0" errors="0" timestamp="2023-08-17T13:39:15" hostname="DESKTOP-5R17O3D" time="0.016">
  <properties/>
  <testcase name="test()" classname="tracker.SampleTest" time="0.016"/>
  <system-out><![CDATA[]]></system-out>
  <system-err><![CDATA[]]></system-err>
</testsuite>
